[8244:8468:0817/082453:INFO:AppRunner.cpp(619)] Begin run process geeplayer
[8244:8468:0817/082453:INFO:AppRunner.cpp(623)] ProductName is GeePlayer1
[8244:8468:0817/082453:INFO:AppRunner.cpp(662)] apppluginbase version is 4.3.4.80
[8244:8468:0817/082453:INFO:UIlib.cpp(192)] quilib: version is 4.3.4.78
[8244:8468:0817/082453:INFO:serviceManager.cpp(687)] mainprocessisrunning key is set as 1
[8244:8468:0817/082453:INFO:serviceManager.cpp(800)] create local service plugin PluginServerStatePlugin
[8244:8468:0817/082453:INFO:serviceManager.cpp(857)] plugin PluginServerStatePlugin DoPluginInit
[8244:8468:0817/082453:INFO:serviceManager.cpp(1523)] repository parse over
[8244:8468:0817/082503:INFO:AppRunner.cpp(715)] loop exit geeplayer call main plugin DestoryPluginEntry
[8244:8468:0817/082503:INFO:IPlugin.cpp(117)] real plugin mainPlugin call DestroyPlugin
[8244:8468:0817/082503:INFO:IPlugin.cpp(374)] destruct plugin mainPlugin
[8244:8468:0817/082503:INFO:serviceManager.cpp(1608)] mainPlugin plugin had destroy by DestructPlugin
[8244:8468:0817/082503:INFO:serviceManager.cpp(2532)] DestructManager begin
[8244:8468:0817/082503:INFO:IPlugin.cpp(374)] destruct plugin PluginServerStatePlugin
[8244:8468:0817/082503:INFO:IPlugin.cpp(286)] real plugin PluginServerStatePlugin call DestroyPlugin
[8244:8468:0817/082503:INFO:serviceManager.cpp(1608)] PluginServerStatePlugin plugin had destroy by DestructPlugin
[8244:8468:0817/082503:INFO:serviceManager.cpp(2408)] DeleteLeftPlugins begin
[8244:8468:0817/082503:INFO:serviceManager.cpp(2470)] DeleteLeftPlugins end
[8244:8468:0817/082503:INFO:serviceManager.cpp(687)] mainprocessisrunning key is set as 0
[8244:8468:0817/082503:INFO:AppRunner.cpp(730)] close mutex of process geeplayer
[8244:8468:0817/082503:INFO:AppRunner.cpp(738)] run process geeplayer end
